<?xml version="1.0" encoding="UTF-8"?>
<testng-results skipped="0" failed="0" ignored="0" total="1" passed="1">
  <reporter-output>
  </reporter-output>
  <suite name="Default suite" duration-ms="15423" started-at="2018-10-14T06:21:14Z" finished-at="2018-10-14T06:21:29Z">
    <groups>
    </groups>
    <test name="Default test" duration-ms="15423" started-at="2018-10-14T06:21:14Z" finished-at="2018-10-14T06:21:29Z">
      <class name="com.technocredits.orangeHRM.testScripts.LoginTest">
        <test-method status="PASS" signature="doLogin()[pri:0, instance:com.technocredits.orangeHRM.testScripts.LoginTest@62ee68d8]" name="doLogin" duration-ms="15302" started-at="2018-10-14T11:51:14Z" finished-at="2018-10-14T11:51:29Z">
          <reporter-output>
          </reporter-output>
        </test-method> <!-- doLogin -->
      </class> <!-- com.technocredits.orangeHRM.testScripts.LoginTest -->
    </test> <!-- Default test -->
  </suite> <!-- Default suite -->
</testng-results>
